<?xml version="1.0" encoding="UTF-8"?>
<!-- Generated by org.testng.reporters.JUnitXMLReporter -->
<testsuite hostname="TSLC1081" name="Faculty Sign In Test" tests="2" failures="0" timestamp="21 Dec 2017 12:34:34 GMT" time="60.641" errors="0">
  <testcase name="signInFacultyTest" time="31.738" classname="com.raptor.testcases.SignInFacultyTest"/>
  <testcase name="facultyDelayedEntryTest" time="22.337" classname="com.raptor.testcases.SignInFacultyTest"/>
</testsuite> <!-- Faculty Sign In Test -->
