<?xml version="1.0" encoding="UTF-8"?>
<!-- Generated by org.testng.reporters.JUnitXMLReporter -->
<testsuite hostname="TSLC1081" name="Search Visitor Test" tests="2" failures="0" timestamp="21 Dec 2017 12:29:47 GMT" time="25.69" errors="0">
  <testcase name="basicSearch_Visitor" time="11.174" classname="com.raptor.testcases.Search_Visitor_Test"/>
  <testcase name="advancedSearch_Visitor" time="8.941" classname="com.raptor.testcases.Search_Visitor_Test"/>
</testsuite> <!-- Search Visitor Test -->
