<?xml version="1.0" encoding="UTF-8"?>
<!-- Generated by org.testng.reporters.JUnitXMLReporter -->
<testsuite hostname="TSLC1081" name="Search Student Test" tests="2" failures="0" timestamp="21 Dec 2017 12:33:10 GMT" time="19.569" errors="0">
  <testcase name="basicSearch_Student" time="9.168" classname="com.raptor.testcases.Search_StudentTest"/>
  <testcase name="advancedSearch_Student" time="4.802" classname="com.raptor.testcases.Search_StudentTest"/>
</testsuite> <!-- Search Student Test -->
