<?xml version="1.0" encoding="UTF-8"?>
<!-- Generated by org.testng.reporters.JUnitXMLReporter -->
<testsuite hostname="TSLC1081" name="Visitor Reports Test" tests="2" failures="0" timestamp="21 Dec 2017 12:30:42 GMT" time="54.837" errors="0">
  <testcase name="Report_WhoIsInTheBuilding_Visitor" time="13.853" classname="com.raptor.testcases.VisitorReportTest"/>
  <testcase name="Report_SexOffenderLogged_Visitor" time="35.194" classname="com.raptor.testcases.VisitorReportTest"/>
</testsuite> <!-- Visitor Reports Test -->
